Starting data analysis: Mon, Jan 13, 2025 11:51:18 AM

===== Total Number of Companies =====
Number of companies: 1120

===== Unique Main Industries =====
94999 Muualla luokittelemattomat muut järjestöt
Aatteellinen yhdistys
Administrator of pension plan, manager of pension fund
Alkoholi- ja muiden juomien vähittäiskauppa
Ammattialajärjestöjen toiminta
Ammattiliitto
Ammattiyhdistysten toiminta
Apteekit
Apteekki
Aseiden ja ammusten valmistus
Asianajotoimistot
Asuntojen ja asuinkiinteistöjen hallinta
Asuntojen vuokraus
Atk-laitteisto- ja ohjelmistokonsultointi
Avomuotoinen päihdekuntoutus
AY-toiminta
Biotekninen tutkimus ja kehittäminen
Edunvalvontajärjestö
Eläkevakuutustoiminta
Elektronisten komponenttien valmistus
Elinkeinoelämän ja työnantajajärjestöjen toiminta
Elinkeinoelämän ja työnantajajärjestöjen toiminta (94110)
Elintarvikkeiden, juomien ja tupakan agentuuritoiminta
Esittävät taiteet
Esittäviä taiteita palveleva toiminta
Financial services
Hammaslääkäripalvelut
Henkilöstö- ja laitosruokalat
Henkivakuutustoiminta
Hiilensidonta
Huolinta ja rahtaus
Ikääntyneiden palveluasuminen
Ilma- ja avaruusalusten ja niihin liittyvien koneiden valmistus
Ilma- ja avaruusalusten korjaus ja huolto
Ilmaliikennettä palveleva toiminta
Isot supermarketit (yli 1000 m2)
Jalostettujen öljytuotteiden valmistus
Järjestö
järjestötoiminta, vapaa sivistystyö
Julkinen yleishallinto
Kaivos-, louhinta- ja rakennuskoneiden valmistus
Kasvinviljelyn tukipalvelut
Kehitysvammaisten Edunvalvonta
Kehitysvammaisten laitokset ja asumispalvelut
Keskiasteen ammatillinen koulutus
Kiinteistönhoito
Kirjastojen ja arkistojen toiminta
Kirjojen kustantaminen
Kone- ja prosessisuunnittelu
Korkea-asteen koulutus yliopistoissa ja ammattikorkeakouluissa
Kotieläintaloutta palveleva toiminta
Kotitalousneuvonta
Koulutuskeskukset
Koulutusta palveleva toiminta
Kuntoutuslaitokset ja sairaskodit
Kuorma-autojen ja muiden raskaiden moottoriajoneuvojen tukkukauppa
Kuparin valmistus
Lääkäriasemat, yksityislääkärit ja vastaavat erikoislääkäripalvelut
Lääketieteellinen tutkimus ja kehittäminen
Lääketukkukauppa
Lääkintä- ja hammaslääkintäinstrumenttien ja -tarvikkeiden valmistus (pl. hammasproteesit)
Lääkkeiden ja muiden lääkevalmisteiden valmistus
Laboratorio- ja sairaanhoitovälineiden tukkukauppa
Laivojen ja kelluvien rakenteiden rakentaminen
Lakiasiaintoimistot
Lakisääteinen työeläkevakuutus
Langallisen verkon hallinta ja palvelut
Langattoman verkon hallinta ja palvelut
Lannoitteiden ja typpiyhdisteiden valmistus
Lasten ja nuorten laitokset ja ammatillinen perhehoito
Lasten päiväkodit
Liha- ja siipikarjatuotteiden valmistus
Lyijyn, sinkin ja tinan valmistus
Mainostoimistot
Maitotaloustuotteiden ja juuston valmistus
Massan valmistus
Meriliikenteen henkilökuljetus
Messujen ja kongressien järjestäminen
Metallirakenteiden ja niiden osien valmistus
Metsätaloutta palveleva toiminta
Mittaus-, testaus- ja navigointivälineiden ja -laitteiden valmistus
Moottorien ja turbiinien valmistus (pl. lentokoneiden ja ajoneuvojen moottorit)
Muiden kiinteistöjen vuokraus ja hallinta
Muiden orgaanisten peruskemikaalien valmistus
Muiden välituotteiden tukkukauppa
Muiden värimetallimalmien louhinta
Museoiden toiminta
Muu ammatillinen, tieteellinen ja tekninen toiminta
Muu kuljetusvälitys
Muu laitteisto- ja tietotekninen palvelutoiminta
Muu lakiasiain palvelu
Muu laskentatoimen palvelu
Muu liikkeenjohdon konsultointi
Muu luonnontieteellinen tutkimus ja kehittäminen
Muu luotonanto
Muu maaliikennettä palveleva toiminta
Muu muualla luokittelematon erikoistunut rakennustoiminta
Muu muualla luokittelemattomien tuotteiden valmistus
Muu pakollinen sosiaalivakuutustoiminta
Muu pankkitoiminta
Muu rahoitusta palveleva toiminta (pl. vakuutus- ja eläkevakuutustoiminta)
Muu tekninen palvelu
Muu tekninen testaus ja analysointi
Muu terveyspalvelu
Muu urheilutoiminta
Muu vakuutus- ja eläkevakuutustoimintaa avustava toiminta
Muu vesiliikennettä palveleva toiminta
Muualla luokittelematon erikoiskoneiden valmistus
Muualla luokittelematon erikoistunut agentuuritoiminta
Muualla luokittelematon huvi- ja virkistystoiminta
Muualla luokittelematon kaivostoiminta ja louhinta
Muualla luokittelemattomat henkilökohtaiset palvelut
Muualla luokittelemattomat muut järjestöt
Muualla luokittelemattomat rahoituspalvelut (pl. vakuutus- ja eläkevakuutustoiminta)
Muut koulutusta antavat yksiköt
Muut laitokset ja asumispalvelut
Muut muualla luokittelemattomat sosiaalihuollon avopalvelut
Muut palvelut liike-elämälle
Muut televiestintäpalvelut
Muut vanhusten ja vammaisten avopalvelut
Muuta kaivostoimintaa ja louhintaa palveleva toiminta
Myllytuotteiden valmistus
Nestemäisten ja kaasumaisten polttoaineiden tukkukauppa
Nosto- ja siirtolaitteiden valmistus
Ohjelmistojen suunnittelu ja valmistus
Oluen valmistus
Omien kiinteistöjen kauppa
Ongelmajätteen käsittely, loppusijoitus ja hävittäminen
Online-rahapelit
Pääkonttorien toiminta
Päihdeongelmaisten laitokset
Pakkauspalvelut
Palo- ja pelastustoimi
Paperin, kartongin ja pahvin valmistus
Payment services
Peruskemikaalien, lannoitteiden yms. tukkukauppa
Poliittiset järjestöt
Pörssitoiminta ja rahoitusmarkkinoiden hallinnolliset tukipalvelut
Public affairs and lobbying
Putkijohtokuljetus
Raakapuutukkukauppa
Rahapeli- ja vedonlyöntipalvelut
Rahoitusalan holdingyhtiöiden toiminta
Raideliikenteen kulkuneuvojen valmistus
Räjähdysaineiden valmistus
Rakennuttaminen ja rakennushankkeiden kehittäminen
Raudan, teräksen ja rautaseosten valmistus
Rautateiden henkilöliikenne, kaukoliikenne
Risteilymatkailu
Ruoka
Säännöllinen lentoliikenne
Sähkö- ja tietoliikenneverkkojen rakentaminen
Sähkömoottorien, generaattorien ja muuntajien valmistus
Sähkön ja kaukolämmön yhteistuotanto
Sähkön jakelu
Sähkön kauppa
Sähkön siirto
Sähkön tuotanto vesi- ja tuulivoimalla
Sähkön tuotanto ydinvoimalla
Sähkötarviketukkukauppa
Sähkötekninen suunnittelu
Sanomalehtien kustantaminen
Satamat
Satelliittiviestintä
Seurakunnat ja uskonnolliset järjestöt
Sokerin valmistus
Suhdetoiminta ja viestintä
Support services such as marketing and sales support services
Taiteen ja musiikin koulutus
Tavanomaisen jätteen käsittely ja loppusijoitus
Tavanomaisen jätteen keruu
Teen ja kahvin valmistus
Teiden ja moottoriteiden rakentaminen
Tekniikan tutkimus ja kehittäminen
Televisio-ohjelmien tuottaminen ja lähettäminen (pl. maksulliset tv-kanavat)
Teollinen muotoilu ym.
Terveyskeskus- ja vastaavat yleislääkäripalvelut
Terveyspalvelut
Teurastus ja lihan säilyvyyskäsittely (pl. siipikarja)
Tietojenkäsittely, palvelintilan vuokraus ja niihin liittyvät palvelut
Tietojenkäsittelyn ja laitteistojen käyttö- ja hallintapalvelut
Tietokoneiden, oheislaitteiden ja ohjelmistojen tukkukauppa
Tilintarkastuspalvelu
Toimiala tuntematon
Tupakkatuotteiden tukkukauppa
Turpeen nosto
Tutkimusta ja kulttuuria palvelevat järjestöt
Urheilu- ja liikuntakoulutus
Urheiluseurojen toiminta
Vahinkovakuutusyhtiöt
Vammaisten palveluasuminen (pl. kehitysvammaisten palveluasuminen)
Vapaa-ajan ja urheiluvälineiden vuokraus ja leasing
Varhaiskasvatus
Varsinaiset sairaalapalvelut
Yhdistetyt toimistopalvelut
Yhdistys toiminta
Yksityiset turvallisuuspalvelut
Yleisagentuuritoiminta
Yleistukkukauppa
Ympäristöjärjestö

===== Companies Registered in 2025 =====
Companies registered in 2025: 7

===== Top 3 Main Industries =====
    258 Muualla luokittelemattomat muut järjestöt
     96 Ammattialajärjestöjen toiminta
     87 Elinkeinoelämän ja työnantajajärjestöjen toiminta

===== Data Analysis Completed =====
Data analysis completed: Mon, Jan 13, 2025 11:51:21 AM
